Release 14.7 - ngc2edif P_INT.20190617 (nt64)
Copyright (c) 1995-2013 Xilinx, Inc.  All rights reserved.
Reading design world_map_part_a.ngc ...
WARNING:NetListWriters:298 - No output is written to world_map_part_a.xncf,
   ignored.
Processing design ...
   Preping design's networks ...
   Preping design's macros ...
  finished :Prep
Writing EDIF netlist file world_map_part_a.edif ...
ngc2edif: Total memory usage is 4320468 kilobytes

Release 14.7 - ngc2edif P_INT.20190617 (nt64)
Copyright (c) 1995-2013 Xilinx, Inc.  All rights reserved.
Reading design world_map_loop.ngc ...
WARNING:NetListWriters:298 - No output is written to world_map_loop.xncf,
   ignored.
Processing design ...
   Preping design's networks ...
   Preping design's macros ...
  finished :Prep
Writing EDIF netlist file world_map_loop.edif ...
ngc2edif: Total memory usage is 4320660 kilobytes

Release 14.7 - ngc2edif P_INT.20190617 (nt64)
Copyright (c) 1995-2013 Xilinx, Inc.  All rights reserved.
Reading design world_map_lr.ngc ...
WARNING:NetListWriters:298 - No output is written to world_map_lr.xncf, ignored.
Processing design ...
   Preping design's networks ...
   Preping design's macros ...
  finished :Prep
Writing EDIF netlist file world_map_lr.edif ...
ngc2edif: Total memory usage is 4320084 kilobytes

